<?xml version="1.0" encoding="UTF-8"?>
<testsuite xmlns:xsi="http://www.w3.org/2001/XMLSchema-instance" xsi:noNamespaceSchemaLocation="https://maven.apache.org/surefire/maven-surefire-plugin/xsd/surefire-test-report.xsd" name="it.unisa.biblioteca.repository.inmemoria.InMemoriaUtenteRepositoryTest" time="0.078" tests="8" errors="0" skipped="0" failures="0">
  <properties>
[...]
</properties>
  <testcase name="testInserisciUtente" classname="it.unisa.biblioteca.repository.inmemoria.InMemoriaUtenteRepositoryTest" time="0.027"/>
  <testcase name="testListaCompleta" classname="it.unisa.biblioteca.repository.inmemoria.InMemoriaUtenteRepositoryTest" time="0.014"/>
  <testcase name="testEliminaUtente" classname="it.unisa.biblioteca.repository.inmemoria.InMemoriaUtenteRepositoryTest" time="0.003"/>
  <testcase name="testCercaPerMatricola" classname="it.unisa.biblioteca.repository.inmemoria.InMemoriaUtenteRepositoryTest" time="0"/>
  <testcase name="testListaOrdinataPerCognomeNome" classname="it.unisa.biblioteca.repository.inmemoria.InMemoriaUtenteRepositoryTest" time="0"/>
  <testcase name="testCercaPerCognome" classname="it.unisa.biblioteca.repository.inmemoria.InMemoriaUtenteRepositoryTest" time="0"/>
  <testcase name="testModificaUtente" classname="it.unisa.biblioteca.repository.inmemoria.InMemoriaUtenteRepositoryTest" time="0"/>
  <testcase name="testSvuota" classname="it.unisa.biblioteca.repository.inmemoria.InMemoriaUtenteRepositoryTest" time="0"/>
</testsuite>